Сборка начата 03.12.2016 15:12:27.
     1>Проект "D:\Предметы\3 курс\Сети\ДЗ_1\ConsoleApplication1\ConsoleApplication1\ConsoleApplication1.vcxproj" в узле 2 (целевые объекты Build).
     1>ClCompile:
         C:\Program Files (x86)\Microsoft Visual Studio 14.0\VC\bin\CL.exe /c /ZI /nologo /W3 /WX- /sdl /Od /Oy- /D WIN32 /D _DEBUG /D _CONSOLE /D _UNICODE /D UNICODE /Gm /EHsc /RTC1 /MDd /GS /fp:precise /Zc:wchar_t /Zc:forScope /Zc:inline /Yu"stdafx.h" /Fp"Debug\ConsoleApplication1.pch" /Fo"Debug\\" /Fd"Debug\vc140.pdb" /Gd /TP /analyze- /errorReport:prompt ..\..\main_programm.cpp
         main_programm.cpp
     1>d:\предметы\3 курс\сети\дз_1\main_programm.cpp(1): warning C4627: #include <iomanip>: пропущен при поиске использования предкомпилированного заголовка
         d:\предметы\3 курс\сети\дз_1\main_programm.cpp(1): note: Добавление директивы в "stdafx.h" или перестройка предкомпилированного заголовка
     1>d:\предметы\3 курс\сети\дз_1\main_programm.cpp(2): warning C4627: #include "cycle_algorithm.h": пропущен при поиске использования предкомпилированного заголовка
         d:\предметы\3 курс\сети\дз_1\main_programm.cpp(2): note: Добавление директивы в "stdafx.h" или перестройка предкомпилированного заголовка
     1>d:\предметы\3 курс\сети\дз_1\main_programm.cpp(9): error C2065: string: необъявленный идентификатор
     1>d:\предметы\3 курс\сети\дз_1\main_programm.cpp(9): error C2146: синтаксическая ошибка: отсутствие ";" перед идентификатором "number"
     1>d:\предметы\3 курс\сети\дз_1\main_programm.cpp(9): error C2065: number: необъявленный идентификатор
     1>d:\предметы\3 курс\сети\дз_1\main_programm.cpp(10): error C2065: cout: необъявленный идентификатор
     1>d:\предметы\3 курс\сети\дз_1\main_programm.cpp(10): error C2065: number: необъявленный идентификатор
     1>d:\предметы\3 курс\сети\дз_1\main_programm.cpp(11): error C3861: system: идентификатор не найден
     1>d:\предметы\3 курс\сети\дз_1\main_programm.cpp(12): error C2065: bit: необъявленный идентификатор
     1>d:\предметы\3 курс\сети\дз_1\main_programm.cpp(12): error C2146: синтаксическая ошибка: отсутствие ";" перед идентификатором "str"
     1>d:\предметы\3 курс\сети\дз_1\main_programm.cpp(12): error C2065: str: необъявленный идентификатор
     1>d:\предметы\3 курс\сети\дз_1\main_programm.cpp(12): error C2065: number: необъявленный идентификатор
     1>d:\предметы\3 курс\сети\дз_1\main_programm.cpp(12): error C3861: get_bit_str: идентификатор не найден
     1>d:\предметы\3 курс\сети\дз_1\main_programm.cpp(13): error C2065: cout: необъявленный идентификатор
     1>d:\предметы\3 курс\сети\дз_1\main_programm.cpp(13): error C2065: str: необъявленный идентификатор
     1>d:\предметы\3 курс\сети\дз_1\main_programm.cpp(14): error C2065: bit: необъявленный идентификатор
     1>d:\предметы\3 курс\сети\дз_1\main_programm.cpp(14): error C2146: синтаксическая ошибка: отсутствие ";" перед идентификатором "mistake"
     1>d:\предметы\3 курс\сети\дз_1\main_programm.cpp(14): error C2065: mistake: необъявленный идентификатор
     1>d:\предметы\3 курс\сети\дз_1\main_programm.cpp(14): error C3861: bit: идентификатор не найден
     1>d:\предметы\3 курс\сети\дз_1\main_programm.cpp(17): error C2065: mistake: необъявленный идентификатор
     1>d:\предметы\3 курс\сети\дз_1\main_programm.cpp(17): error C2228: выражение слева от ".set" должно представлять класс, структуру или объединение
         d:\предметы\3 курс\сети\дз_1\main_programm.cpp(17): note: тип: unknown-type
     1>d:\предметы\3 курс\сети\дз_1\main_programm.cpp(18): error C2065: cout: необъявленный идентификатор
     1>d:\предметы\3 курс\сети\дз_1\main_programm.cpp(18): error C2065: mistake: необъявленный идентификатор
     1>d:\предметы\3 курс\сети\дз_1\main_programm.cpp(19): error C2065: bit: необъявленный идентификатор
     1>d:\предметы\3 курс\сети\дз_1\main_programm.cpp(19): error C2146: синтаксическая ошибка: отсутствие ";" перед идентификатором "str2"
     1>d:\предметы\3 курс\сети\дз_1\main_programm.cpp(19): error C2065: str2: необъявленный идентификатор
     1>d:\предметы\3 курс\сети\дз_1\main_programm.cpp(19): error C2065: str: необъявленный идентификатор
     1>d:\предметы\3 курс\сети\дз_1\main_programm.cpp(19): error C2065: mistake: необъявленный идентификатор
     1>d:\предметы\3 курс\сети\дз_1\main_programm.cpp(19): error C3861: Xor: идентификатор не найден
     1>d:\предметы\3 курс\сети\дз_1\main_programm.cpp(20): error C2065: cout: необъявленный идентификатор
     1>d:\предметы\3 курс\сети\дз_1\main_programm.cpp(20): error C2065: str2: необъявленный идентификатор
     1>d:\предметы\3 курс\сети\дз_1\main_programm.cpp(21): error C2065: bit: необъявленный идентификатор
     1>d:\предметы\3 курс\сети\дз_1\main_programm.cpp(21): error C2146: синтаксическая ошибка: отсутствие ";" перед идентификатором "answer"
     1>d:\предметы\3 курс\сети\дз_1\main_programm.cpp(21): error C2065: answer: необъявленный идентификатор
     1>d:\предметы\3 курс\сети\дз_1\main_programm.cpp(21): error C2065: str2: необъявленный идентификатор
     1>d:\предметы\3 курс\сети\дз_1\main_programm.cpp(21): error C3861: decode: идентификатор не найден
     1>d:\предметы\3 курс\сети\дз_1\main_programm.cpp(22): error C2065: cout: необъявленный идентификатор
     1>d:\предметы\3 курс\сети\дз_1\main_programm.cpp(22): error C2065: answer: необъявленный идентификатор
     1>d:\предметы\3 курс\сети\дз_1\main_programm.cpp(23): error C2065: mistake: необъявленный идентификатор
     1>d:\предметы\3 курс\сети\дз_1\main_programm.cpp(23): error C2228: выражение слева от ".reset" должно представлять класс, структуру или объединение
         d:\предметы\3 курс\сети\дз_1\main_programm.cpp(23): note: тип: unknown-type
     1>d:\предметы\3 курс\сети\дз_1\main_programm.cpp(33): error C2065: bit: необъявленный идентификатор
     1>d:\предметы\3 курс\сети\дз_1\main_programm.cpp(33): error C2146: синтаксическая ошибка: отсутствие ";" перед идентификатором "bstr"
     1>d:\предметы\3 курс\сети\дз_1\main_programm.cpp(33): error C2065: bstr: необъявленный идентификатор
     1>d:\предметы\3 курс\сети\дз_1\main_programm.cpp(33): error C3861: _ULonglong: идентификатор не найден
     1>d:\предметы\3 курс\сети\дз_1\main_programm.cpp(33): error C3861: bit: идентификатор не найден
     1>d:\предметы\3 курс\сети\дз_1\main_programm.cpp(34): error C2065: bstr: необъявленный идентификатор
     1>d:\предметы\3 курс\сети\дз_1\main_programm.cpp(34): error C3861: num_ones: идентификатор не найден
     1>d:\предметы\3 курс\сети\дз_1\main_programm.cpp(36): error C2065: bit: необъявленный идентификатор
     1>d:\предметы\3 курс\сети\дз_1\main_programm.cpp(36): error C2146: синтаксическая ошибка: отсутствие ";" перед идентификатором "bstr2"
     1>d:\предметы\3 курс\сети\дз_1\main_programm.cpp(36): error C2065: bstr2: необъявленный идентификатор
     1>d:\предметы\3 курс\сети\дз_1\main_programm.cpp(36): error C2065: str: необъявленный идентификатор
     1>d:\предметы\3 курс\сети\дз_1\main_programm.cpp(36): error C2065: bstr: необъявленный идентификатор
     1>d:\предметы\3 курс\сети\дз_1\main_programm.cpp(36): error C3861: Xor: идентификатор не найден
     1>d:\предметы\3 курс\сети\дз_1\main_programm.cpp(37): error C2065: bstr2: необъявленный идентификатор
     1>d:\предметы\3 курс\сети\дз_1\main_programm.cpp(37): error C3861: check: идентификатор не найден
     1>d:\предметы\3 курс\сети\дз_1\main_programm.cpp(41): error C2065: cout: необъявленный идентификатор
     1>d:\предметы\3 курс\сети\дз_1\main_programm.cpp(44): error C2065: cout: необъявленный идентификатор
     1>d:\предметы\3 курс\сети\дз_1\main_programm.cpp(44): error C3861: setw: идентификатор не найден
     1>d:\предметы\3 курс\сети\дз_1\main_programm.cpp(48): error C2065: cout: необъявленный идентификатор
     1>d:\предметы\3 курс\сети\дз_1\main_programm.cpp(49): error C3861: system: идентификатор не найден
     1>Сборка проекта "D:\Предметы\3 курс\Сети\ДЗ_1\ConsoleApplication1\ConsoleApplication1\ConsoleApplication1.vcxproj" завершена (целевые объекты Build) с ошибкой.

Ошибка сборки.

Затраченное время: 00:00:00.11
